<?xml version="1.0" encoding="utf-8" standalone="no"?>
<test-run id="2" testcasecount="18" result="Passed" total="18" passed="18" failed="0" inconclusive="0" skipped="0" asserts="58" engine-version="3.4.1.0" clr-version="4.0.30319.42000" start-time="2016-10-07 17:10:18Z" end-time="2016-10-07 17:10:19Z" duration="0.893756">
  <command-line><![CDATA["C:/dev/DynamoDbAutoscaler/tools/NUnit.ConsoleRunner/tools/nunit3-console.exe" "C:/dev/DynamoDbAutoscaler/DynamoDbAutoscaler.Test/bin/Release/DynamoDbAutoscaler.Test.dll"]]></command-line>
  <test-suite type="Assembly" id="0-1023" name="DynamoDbAutoscaler.Test.dll" fullname="C:\dev\DynamoDbAutoscaler\DynamoDbAutoscaler.Test\bin\Release\DynamoDbAutoscaler.Test.dll" runstate="Runnable" testcasecount="18" result="Passed" start-time="2016-10-07 17:10:18Z" end-time="2016-10-07 17:10:19Z" duration="0.841961" total="18" passed="18" failed="0" inconclusive="0" skipped="0" asserts="58">
    <environment framework-version="3.0.5813.39031" clr-version="4.0.30319.42000" os-version="Microsoft Windows NT 10.0.14931.0" platform="Win32NT" cwd="C:\dev\DynamoDbAutoscaler" machine-name="LITMUS-BRIAN" user="brian" user-domain="LITMUS-BRIAN" culture="en-US" uiculture="en-US" os-architecture="x64" />
    <settings>
      <setting name="WorkDirectory" value="C:\dev\DynamoDbAutoscaler" />
      <setting name="ImageRuntimeVersion" value="4.0.30319" />
      <setting name="ImageTargetFrameworkName" value=".NETFramework,Version=v4.5.2" />
      <setting name="ImageRequiresX86" value="False" />
      <setting name="ImageRequiresDefaultAppDomainAssemblyResolver" value="False" />
      <setting name="NumberOfTestWorkers" value="8" />
    </settings>
    <properties>
      <property name="_PID" value="10140" />
      <property name="_APPDOMAIN" value="test-domain-" />
    </properties>
    <test-suite type="TestSuite" id="0-1024" name="DynamoDbAutoscaler" fullname="DynamoDbAutoscaler" runstate="Runnable" testcasecount="18" result="Passed" start-time="2016-10-07 17:10:18Z" end-time="2016-10-07 17:10:19Z" duration="0.835408" total="18" passed="18" failed="0" inconclusive="0" skipped="0" asserts="58">
      <test-suite type="TestSuite" id="0-1025" name="Test" fullname="DynamoDbAutoscaler.Test" runstate="Runnable" testcasecount="18" result="Passed" start-time="2016-10-07 17:10:18Z" end-time="2016-10-07 17:10:19Z" duration="0.835343" total="18" passed="18" failed="0" inconclusive="0" skipped="0" asserts="58">
        <test-suite type="TestFixture" id="0-1000" name="AutoscalerFixture" fullname="DynamoDbAutoscaler.Test.AutoscalerFixture" classname="DynamoDbAutoscaler.Test.AutoscalerFixture" runstate="Runnable" testcasecount="5" result="Passed" start-time="2016-10-07 17:10:18Z" end-time="2016-10-07 17:10:18Z" duration="0.382038" total="5" passed="5" failed="0" inconclusive="0" skipped="0" asserts="7">
          <test-case id="0-1001" name="ComputeScaleDirection_ShouldOutputCorrectScaleDirection" fullname="DynamoDbAutoscaler.Test.AutoscalerFixture.ComputeScaleDirection_ShouldOutputCorrectScaleDirection" methodname="ComputeScaleDirection_ShouldOutputCorrectScaleDirection" classname="DynamoDbAutoscaler.Test.AutoscalerFixture" runstate="Runnable" seed="798259755" result="Passed" start-time="2016-10-07 17:10:18Z" end-time="2016-10-07 17:10:18Z" duration="0.331619" asserts="1" />
          <test-case id="0-1003" name="ComputeScaleDirection_ShouldOutputExtraUpOnOverThrottling" fullname="DynamoDbAutoscaler.Test.AutoscalerFixture.ComputeScaleDirection_ShouldOutputExtraUpOnOverThrottling" methodname="ComputeScaleDirection_ShouldOutputExtraUpOnOverThrottling" classname="DynamoDbAutoscaler.Test.AutoscalerFixture" runstate="Runnable" seed="993609143" result="Passed" start-time="2016-10-07 17:10:18Z" end-time="2016-10-07 17:10:18Z" duration="0.000342" asserts="1" />
          <test-case id="0-1002" name="ComputeScaleDirection_ShouldOutputStayWhenConsumptionRateIsPositive" fullname="DynamoDbAutoscaler.Test.AutoscalerFixture.ComputeScaleDirection_ShouldOutputStayWhenConsumptionRateIsPositive" methodname="ComputeScaleDirection_ShouldOutputStayWhenConsumptionRateIsPositive" classname="DynamoDbAutoscaler.Test.AutoscalerFixture" runstate="Runnable" seed="1630670862" result="Passed" start-time="2016-10-07 17:10:18Z" end-time="2016-10-07 17:10:18Z" duration="0.000237" asserts="1" />
          <test-case id="0-1005" name="ComputeUpdatedProvisioned_ShoulCorrectProvisionIntoValidRange" fullname="DynamoDbAutoscaler.Test.AutoscalerFixture.ComputeUpdatedProvisioned_ShoulCorrectProvisionIntoValidRange" methodname="ComputeUpdatedProvisioned_ShoulCorrectProvisionIntoValidRange" classname="DynamoDbAutoscaler.Test.AutoscalerFixture" runstate="Runnable" seed="813987263" result="Passed" start-time="2016-10-07 17:10:18Z" end-time="2016-10-07 17:10:18Z" duration="0.041469" asserts="3">
            <output><![CDATA[2016-10-07 10:10:18 [Debug] Calculate provision increase with percent 50: 1000->1500
2016-10-07 10:10:18 [Debug] Provision 1500 more than maximum 1450; correcting
2016-10-07 10:10:18 [Debug] Calculate provision decrease with percent 75: 1000->250
2016-10-07 10:10:18 [Debug] Provision 250 less than minimum 500; correcting
2016-10-07 10:10:18 [Debug] Calculate provision decrease with percent 200: 1000->-1000
2016-10-07 10:10:18 [Debug] Minimum provision -10 less than 1; correcting
2016-10-07 10:10:18 [Debug] Provision -1000 less than minimum 1; correcting
]]></output>
          </test-case>
          <test-case id="0-1004" name="ComputeUpdatedProvisioned_ShouldOutputCorrectProvision" fullname="DynamoDbAutoscaler.Test.AutoscalerFixture.ComputeUpdatedProvisioned_ShouldOutputCorrectProvision" methodname="ComputeUpdatedProvisioned_ShouldOutputCorrectProvision" classname="DynamoDbAutoscaler.Test.AutoscalerFixture" runstate="Runnable" seed="277322916" result="Passed" start-time="2016-10-07 17:10:18Z" end-time="2016-10-07 17:10:18Z" duration="0.001144" asserts="1">
            <output><![CDATA[2016-10-07 10:10:18 [Debug] Calculate provision increase with percent 50: 1000->1500
]]></output>
          </test-case>
        </test-suite>
        <test-suite type="TestFixture" id="0-1006" name="AutoscalingCalculatorFixture" fullname="DynamoDbAutoscaler.Test.AutoscalingCalculatorFixture" classname="DynamoDbAutoscaler.Test.AutoscalingCalculatorFixture" runstate="Runnable" testcasecount="4" result="Passed" start-time="2016-10-07 17:10:18Z" end-time="2016-10-07 17:10:19Z" duration="0.022705" total="4" passed="4" failed="0" inconclusive="0" skipped="0" asserts="7">
          <test-case id="0-1008" name="CalculateProvisionDecrease_ShouldReturnCorrectValueBasedOnPercent" fullname="DynamoDbAutoscaler.Test.AutoscalingCalculatorFixture.CalculateProvisionDecrease_ShouldReturnCorrectValueBasedOnPercent" methodname="CalculateProvisionDecrease_ShouldReturnCorrectValueBasedOnPercent" classname="DynamoDbAutoscaler.Test.AutoscalingCalculatorFixture" runstate="Runnable" seed="963478164" result="Passed" start-time="2016-10-07 17:10:18Z" end-time="2016-10-07 17:10:18Z" duration="0.001255" asserts="1">
            <output><![CDATA[2016-10-07 10:10:18 [Debug] Calculate provision decrease with percent 26: 1000->740
]]></output>
          </test-case>
          <test-case id="0-1007" name="CalculateProvisionIncrease_ShouldReturnCorrectValueBasedOnPercent" fullname="DynamoDbAutoscaler.Test.AutoscalingCalculatorFixture.CalculateProvisionIncrease_ShouldReturnCorrectValueBasedOnPercent" methodname="CalculateProvisionIncrease_ShouldReturnCorrectValueBasedOnPercent" classname="DynamoDbAutoscaler.Test.AutoscalingCalculatorFixture" runstate="Runnable" seed="1355097167" result="Passed" start-time="2016-10-07 17:10:18Z" end-time="2016-10-07 17:10:19Z" duration="0.003736" asserts="1">
            <output><![CDATA[2016-10-07 10:10:18 [Debug] Calculate provision increase with percent 56: 1000->1560
]]></output>
          </test-case>
          <test-case id="0-1010" name="EnsureProvisionInRange_ShouldCorrectMinAndMaxWhenLessThan1" fullname="DynamoDbAutoscaler.Test.AutoscalingCalculatorFixture.EnsureProvisionInRange_ShouldCorrectMinAndMaxWhenLessThan1" methodname="EnsureProvisionInRange_ShouldCorrectMinAndMaxWhenLessThan1" classname="DynamoDbAutoscaler.Test.AutoscalingCalculatorFixture" runstate="Runnable" seed="961503095" result="Passed" start-time="2016-10-07 17:10:19Z" end-time="2016-10-07 17:10:19Z" duration="0.013637" asserts="2">
            <output><![CDATA[2016-10-07 10:10:19 [Debug] Minimum provision -200 less than 1; correcting
2016-10-07 10:10:19 [Debug] Provision -45 less than minimum 1; correcting
2016-10-07 10:10:19 [Debug] Minimum provision -200 less than 1; correcting
2016-10-07 10:10:19 [Debug] Maximum provision -800 less than 1; correcting
2016-10-07 10:10:19 [Debug] Provision 45 more than maximum 1; correcting
]]></output>
          </test-case>
          <test-case id="0-1009" name="EnsureProvisionInRange_ShouldCorrectWhenOverOrUnderFlowing" fullname="DynamoDbAutoscaler.Test.AutoscalingCalculatorFixture.EnsureProvisionInRange_ShouldCorrectWhenOverOrUnderFlowing" methodname="EnsureProvisionInRange_ShouldCorrectWhenOverOrUnderFlowing" classname="DynamoDbAutoscaler.Test.AutoscalingCalculatorFixture" runstate="Runnable" seed="211985103" result="Passed" start-time="2016-10-07 17:10:19Z" end-time="2016-10-07 17:10:19Z" duration="0.003750" asserts="3">
            <output><![CDATA[2016-10-07 10:10:19 [Debug] Provision 45 less than minimum 200; correcting
2016-10-07 10:10:19 [Debug] Provision 7896 more than maximum 900; correcting
]]></output>
          </test-case>
        </test-suite>
        <test-suite type="TestSuite" id="0-1027" name="Configuration" fullname="DynamoDbAutoscaler.Test.Configuration" runstate="Runnable" testcasecount="2" result="Passed" start-time="2016-10-07 17:10:18Z" end-time="2016-10-07 17:10:19Z" duration="0.655151" total="2" passed="2" failed="0" inconclusive="0" skipped="0" asserts="35">
          <test-suite type="TestFixture" id="0-1020" name="GlobalAutoscalingConfigurationSetFixture" fullname="DynamoDbAutoscaler.Test.Configuration.GlobalAutoscalingConfigurationSetFixture" classname="DynamoDbAutoscaler.Test.Configuration.GlobalAutoscalingConfigurationSetFixture" runstate="Runnable" testcasecount="2" result="Passed" start-time="2016-10-07 17:10:19Z" end-time="2016-10-07 17:10:19Z" duration="0.249810" total="2" passed="2" failed="0" inconclusive="0" skipped="0" asserts="35">
            <test-case id="0-1022" name="LoadFromFile_ShouldLoadAndSerializeAllChildrenConfigurationAndSetGlobalWhenEmpty" fullname="DynamoDbAutoscaler.Test.Configuration.GlobalAutoscalingConfigurationSetFixture.LoadFromFile_ShouldLoadAndSerializeAllChildrenConfigurationAndSetGlobalWhenEmpty" methodname="LoadFromFile_ShouldLoadAndSerializeAllChildrenConfigurationAndSetGlobalWhenEmpty" classname="DynamoDbAutoscaler.Test.Configuration.GlobalAutoscalingConfigurationSetFixture" runstate="Runnable" seed="657609446" result="Passed" start-time="2016-10-07 17:10:19Z" end-time="2016-10-07 17:10:19Z" duration="0.245030" asserts="21" />
            <test-case id="0-1021" name="LoadFromFile_ShouldLoadAndSerializeConfiguration" fullname="DynamoDbAutoscaler.Test.Configuration.GlobalAutoscalingConfigurationSetFixture.LoadFromFile_ShouldLoadAndSerializeConfiguration" methodname="LoadFromFile_ShouldLoadAndSerializeConfiguration" classname="DynamoDbAutoscaler.Test.Configuration.GlobalAutoscalingConfigurationSetFixture" runstate="Runnable" seed="193735939" result="Passed" start-time="2016-10-07 17:10:19Z" end-time="2016-10-07 17:10:19Z" duration="0.004523" asserts="14" />
          </test-suite>
        </test-suite>
        <test-suite type="TestSuite" id="0-1026" name="Provisioners" fullname="DynamoDbAutoscaler.Test.Provisioners" runstate="Runnable" testcasecount="7" result="Passed" start-time="2016-10-07 17:10:18Z" end-time="2016-10-07 17:10:19Z" duration="0.834270" total="7" passed="7" failed="0" inconclusive="0" skipped="0" asserts="9">
          <test-suite type="TestFixture" id="0-1011" name="GlobalSecondaryIndexProvisionerFixture" fullname="DynamoDbAutoscaler.Test.Provisioners.GlobalSecondaryIndexProvisionerFixture" classname="DynamoDbAutoscaler.Test.Provisioners.GlobalSecondaryIndexProvisionerFixture" runstate="Runnable" testcasecount="2" result="Passed" start-time="2016-10-07 17:10:19Z" end-time="2016-10-07 17:10:19Z" duration="0.141291" total="2" passed="2" failed="0" inconclusive="0" skipped="0" asserts="0">
            <test-case id="0-1012" name="EnsureProvisioningAsync_ShouldCallUpdateOnClientWhenRequired" fullname="DynamoDbAutoscaler.Test.Provisioners.GlobalSecondaryIndexProvisionerFixture.EnsureProvisioningAsync_ShouldCallUpdateOnClientWhenRequired" methodname="EnsureProvisioningAsync_ShouldCallUpdateOnClientWhenRequired" classname="DynamoDbAutoscaler.Test.Provisioners.GlobalSecondaryIndexProvisionerFixture" runstate="Runnable" seed="1620750620" result="Passed" start-time="2016-10-07 17:10:19Z" end-time="2016-10-07 17:10:19Z" duration="0.133355" asserts="0">
              <output><![CDATA[2016-10-07 10:10:19 [Warning] "ea_hits:": updating reads 500->500, writes 1000->2000
]]></output>
            </test-case>
            <test-case id="0-1013" name="EnsureProvisioningAsync_ShouldNotCallUpdateOnClientWhenValuesAreTheSame" fullname="DynamoDbAutoscaler.Test.Provisioners.GlobalSecondaryIndexProvisionerFixture.EnsureProvisioningAsync_ShouldNotCallUpdateOnClientWhenValuesAreTheSame" methodname="EnsureProvisioningAsync_ShouldNotCallUpdateOnClientWhenValuesAreTheSame" classname="DynamoDbAutoscaler.Test.Provisioners.GlobalSecondaryIndexProvisionerFixture" runstate="Runnable" seed="1554169190" result="Passed" start-time="2016-10-07 17:10:19Z" end-time="2016-10-07 17:10:19Z" duration="0.007667" asserts="0">
              <output><![CDATA[2016-10-07 10:10:19 [Information] "ea_hits:": no changes reads 500, writes 1000
]]></output>
            </test-case>
          </test-suite>
          <test-suite type="TestFixture" id="0-1014" name="TableProvisionerFixture" fullname="DynamoDbAutoscaler.Test.Provisioners.TableProvisionerFixture" classname="DynamoDbAutoscaler.Test.Provisioners.TableProvisionerFixture" runstate="Runnable" testcasecount="5" result="Passed" start-time="2016-10-07 17:10:19Z" end-time="2016-10-07 17:10:19Z" duration="0.037824" total="5" passed="5" failed="0" inconclusive="0" skipped="0" asserts="9">
            <test-case id="0-1016" name="EnsureProvisioningAsync_ShouldCallUpdateOnClientOnlyWithEnabledThroughput" fullname="DynamoDbAutoscaler.Test.Provisioners.TableProvisionerFixture.EnsureProvisioningAsync_ShouldCallUpdateOnClientOnlyWithEnabledThroughput" methodname="EnsureProvisioningAsync_ShouldCallUpdateOnClientOnlyWithEnabledThroughput" classname="DynamoDbAutoscaler.Test.Provisioners.TableProvisionerFixture" runstate="Runnable" seed="652308738" result="Passed" start-time="2016-10-07 17:10:19Z" end-time="2016-10-07 17:10:19Z" duration="0.011067" asserts="0">
              <output><![CDATA[2016-10-07 10:10:19 [Debug] "unittest": autoscaling "reads" disabled!
2016-10-07 10:10:19 [Warning] "unittest": updating reads 500->500, writes 1000->2000
]]></output>
            </test-case>
            <test-case id="0-1015" name="EnsureProvisioningAsync_ShouldCallUpdateOnClientWhenRequired" fullname="DynamoDbAutoscaler.Test.Provisioners.TableProvisionerFixture.EnsureProvisioningAsync_ShouldCallUpdateOnClientWhenRequired" methodname="EnsureProvisioningAsync_ShouldCallUpdateOnClientWhenRequired" classname="DynamoDbAutoscaler.Test.Provisioners.TableProvisionerFixture" runstate="Runnable" seed="1838194091" result="Passed" start-time="2016-10-07 17:10:19Z" end-time="2016-10-07 17:10:19Z" duration="0.011239" asserts="0">
              <output><![CDATA[2016-10-07 10:10:19 [Warning] "unittest": updating reads 500->500, writes 1000->2000
]]></output>
            </test-case>
            <test-case id="0-1017" name="EnsureProvisioningAsync_ShouldNotCallUpdateOnClientWhenValuesAreTheSame" fullname="DynamoDbAutoscaler.Test.Provisioners.TableProvisionerFixture.EnsureProvisioningAsync_ShouldNotCallUpdateOnClientWhenValuesAreTheSame" methodname="EnsureProvisioningAsync_ShouldNotCallUpdateOnClientWhenValuesAreTheSame" classname="DynamoDbAutoscaler.Test.Provisioners.TableProvisionerFixture" runstate="Runnable" seed="292299438" result="Passed" start-time="2016-10-07 17:10:19Z" end-time="2016-10-07 17:10:19Z" duration="0.003971" asserts="0">
              <output><![CDATA[2016-10-07 10:10:19 [Information] "unittest": no changes reads 500, writes 1000
]]></output>
            </test-case>
            <test-case id="0-1019" name="ShouldUpdateProvisioning_ShouldBeFalseBasedOnConditions" fullname="DynamoDbAutoscaler.Test.Provisioners.TableProvisionerFixture.ShouldUpdateProvisioning_ShouldBeFalseBasedOnConditions" methodname="ShouldUpdateProvisioning_ShouldBeFalseBasedOnConditions" classname="DynamoDbAutoscaler.Test.Provisioners.TableProvisionerFixture" runstate="Runnable" seed="1340244713" result="Passed" start-time="2016-10-07 17:10:19Z" end-time="2016-10-07 17:10:19Z" duration="0.010571" asserts="7">
              <output><![CDATA[2016-10-07 10:10:19 [Debug] "unittest": running on demo mode! Would update "reads" 500->450
2016-10-07 10:10:19 [Debug] "unittest": autoscaling "reads" disabled!
2016-10-07 10:10:19 [Debug] "unittest": decreased less than 01:30:00 ago!
2016-10-07 10:10:19 [Debug] "unittest": decreased less than 01:30:00 ago!
2016-10-07 10:10:19 [Debug] "unittest": increased less than 00:15:00 ago!
2016-10-07 10:10:19 [Debug] "unittest": increased less than 00:15:00 ago!
]]></output>
            </test-case>
            <test-case id="0-1018" name="ShouldUpdateProvisioning_ShouldBeTrueBasedOnConditions" fullname="DynamoDbAutoscaler.Test.Provisioners.TableProvisionerFixture.ShouldUpdateProvisioning_ShouldBeTrueBasedOnConditions" methodname="ShouldUpdateProvisioning_ShouldBeTrueBasedOnConditions" classname="DynamoDbAutoscaler.Test.Provisioners.TableProvisionerFixture" runstate="Runnable" seed="1694934116" result="Passed" start-time="2016-10-07 17:10:19Z" end-time="2016-10-07 17:10:19Z" duration="0.000550" asserts="2" />
          </test-suite>
        </test-suite>
      </test-suite>
    </test-suite>
  </test-suite>
</test-run>